<?xml version="1.0" encoding="UTF-8"?>
<!-- Generated by org.testng.reporters.JUnitReportReporter -->
<testsuite skipped="0" hostname="DESKTOP-17JJ3GD" name="TestngFristDemo.FristTestNgProgram" tests="3" failures="0" timestamp="28 Aug 2020 08:28:11 GMT" time="0.081" errors="0">
  <testcase name="test" time="0.003" classname="TestngFristDemo.FristTestNgProgram"/>
  <testcase name="test1" time="0.064" classname="TestngFristDemo.FristTestNgProgram"/>
  <testcase name="test2" time="0.014" classname="TestngFristDemo.FristTestNgProgram"/>
</testsuite> <!-- TestngFristDemo.FristTestNgProgram -->
