<?xml version="1.0" encoding="UTF-8"?>
<!-- Generated by org.testng.reporters.JUnitReportReporter -->
<testsuite skipped="0" hostname="DESKTOP-17JJ3GD" name="com.gmailLogin.pageObject.GmailTestRun" tests="1" failures="0" timestamp="15 Sep 2020 08:32:23 GMT" time="38.542" errors="0">
  <testcase name="run" time="38.542" classname="com.gmailLogin.pageObject.GmailTestRun"/>
</testsuite> <!-- com.gmailLogin.pageObject.GmailTestRun -->
