<?xml version="1.0" encoding="UTF-8"?>
<!-- Generated by org.testng.reporters.JUnitReportReporter -->
<testsuite skipped="1" hostname="DESKTOP-17JJ3GD" name="dataProviderExcel.DataProvider1" tests="1" failures="0" timestamp="10 Sep 2020 08:18:23 GMT" time="0.000" errors="0">
  <testcase name="DataProviderExcel" time="0.000" classname="dataProviderExcel.DataProvider1">
    <skipped/>
  </testcase> <!-- DataProviderExcel -->
</testsuite> <!-- dataProviderExcel.DataProvider1 -->
