<?xml version="1.0" encoding="UTF-8"?>
<!-- Generated by org.testng.reporters.JUnitReportReporter -->
<testsuite skipped="1" hostname="DESKTOP-17JJ3GD" name="dataProviderExcel.DataProvider" tests="1" failures="0" timestamp="9 Sep 2020 14:04:42 GMT" time="0.000" errors="0">
  <testcase name="DataProviderExcel" time="0.000" classname="dataProviderExcel.DataProvider">
    <skipped/>
  </testcase> <!-- DataProviderExcel -->
</testsuite> <!-- dataProviderExcel.DataProvider -->
