<?xml version="1.0" encoding="UTF-8"?>
<!-- Generated by org.testng.reporters.JUnitReportReporter -->
<testsuite skipped="0" hostname="DESKTOP-17JJ3GD" name="com.VerifyGmailLogin.PageObject.VerifygmailLogin" tests="1" failures="0" timestamp="14 Sep 2020 10:34:58 GMT" time="59.223" errors="0">
  <testcase name="login" time="59.223" classname="com.VerifyGmailLogin.PageObject.VerifygmailLogin"/>
</testsuite> <!-- com.VerifyGmailLogin.PageObject.VerifygmailLogin -->
