<?xml version="1.0" encoding="UTF-8"?>
<!-- Generated by org.testng.reporters.JUnitReportReporter -->
<testsuite skipped="0" hostname="DESKTOP-17JJ3GD" name="handleMouseAction.mouseAction" tests="1" failures="0" timestamp="26 Oct 2020 06:11:36 GMT" time="75.563" errors="0">
  <testcase name="test" time="75.563" classname="handleMouseAction.mouseAction"/>
</testsuite> <!-- handleMouseAction.mouseAction -->
