<?xml version="1.0" encoding="UTF-8"?>
<!-- Generated by org.testng.reporters.JUnitReportReporter -->
<testsuite skipped="0" hostname="DESKTOP-17JJ3GD" name="TestngFristDemo.testNGgrouping" tests="2" failures="0" timestamp="11 Sep 2020 10:58:40 GMT" time="0.037" errors="0">
  <testcase name="testTwo" time="0.006" classname="TestngFristDemo.testNGgrouping"/>
  <testcase name="testThree" time="0.031" classname="TestngFristDemo.testNGgrouping"/>
</testsuite> <!-- TestngFristDemo.testNGgrouping -->
