<?xml version="1.0" encoding="UTF-8"?>
<!-- Generated by org.testng.reporters.JUnitReportReporter -->
<testsuite skipped="0" hostname="DESKTOP-17JJ3GD" name="TestngFristDemo.TestNgDependancy" tests="3" failures="0" timestamp="28 Aug 2020 16:34:29 GMT" time="60.753" errors="0">
  <testcase name="loginapp" time="22.603" classname="TestngFristDemo.TestNgDependancy"/>
  <testcase name="logoutapp" time="9.106" classname="TestngFristDemo.TestNgDependancy"/>
  <testcase name="startapp" time="29.044" classname="TestngFristDemo.TestNgDependancy"/>
</testsuite> <!-- TestngFristDemo.TestNgDependancy -->
