<?xml version="1.0" encoding="UTF-8"?>
<!-- Generated by org.testng.reporters.JUnitReportReporter -->
<testsuite skipped="0" hostname="DESKTOP-17JJ3GD" name="ListenreDemo.MyListenersFrist" tests="2" failures="0" timestamp="3 Sep 2020 11:18:50 GMT" time="19.424" errors="0">
  <testcase name="test" time="1.982" classname="ListenreDemo.MyListenersFrist"/>
  <testcase name="TittleVerify" time="17.442" classname="ListenreDemo.MyListenersFrist"/>
</testsuite> <!-- ListenreDemo.MyListenersFrist -->
