<?xml version="1.0" encoding="UTF-8"?>
<!-- Generated by org.testng.reporters.JUnitReportReporter -->
<testsuite skipped="0" hostname="DESKTOP-17JJ3GD" name="HandleFream.HandleFreamDemo" tests="1" failures="0" timestamp="26 Oct 2020 06:13:58 GMT" time="29.339" errors="0">
  <testcase name="test" time="29.339" classname="HandleFream.HandleFreamDemo"/>
</testsuite> <!-- HandleFream.HandleFreamDemo -->
