<?xml version="1.0" encoding="UTF-8"?>
<!-- Generated by org.testng.reporters.JUnitReportReporter -->
<testsuite skipped="0" hostname="DESKTOP-17JJ3GD" name="handleMouseAction.mouseActiondragdrop" tests="1" failures="0" timestamp="30 Sep 2020 05:12:19 GMT" time="28.751" errors="0">
  <testcase name="test" time="28.751" classname="handleMouseAction.mouseActiondragdrop"/>
</testsuite> <!-- handleMouseAction.mouseActiondragdrop -->
